<?xml version="1.0" encoding="UTF-8"?>
<!-- Generated by org.testng.reporters.JUnitXMLReporter -->
<testsuite hostname="DESKTOP-BUEBAV8" ignored="0" name="Default test" tests="3" failures="0" timestamp="14 Mar 2020 21:35:56 GMT" time="97.719" errors="0">
  <testcase name="RETC_060_DBTest" time="6.754" classname="com.training.regression.tests.RETC_061_DBTest"/>
  <testcase name="RETC_060_DBTest" time="6.501" classname="com.training.regression.tests.RETC_061_DBTest"/>
  <testcase name="RETC_060_DBTest" time="6.793" classname="com.training.regression.tests.RETC_061_DBTest"/>
</testsuite> <!-- Default test -->
